<?xml version="1.0" encoding="UTF-8"?>
<!-- Generated by org.testng.reporters.JUnitReportReporter -->
<testsuite hostname="JSAMateBookD15" failures="0" tests="1" name="pagefactory.LoginTest" time="16.750" errors="0" timestamp="2025-04-17T22:52:06 IST" skipped="0">
  <testcase classname="pagefactory.LoginTest" name="init" time="16.750"/>
</testsuite> <!-- pagefactory.LoginTest -->
